# JRE version: OpenJDK Runtime Environment (8.0_392-b08) (build 1.8.0_392-b08)
# Java VM: OpenJDK 64-Bit Server VM (25.392-b08 mixed mode windows-amd64 compressed oops)
Heap:
 PSYoungGen      total 4645888K, used 4577619K [0x0000000695580000, 0x00000007bab80000, 0x00000007c0000000)
  eden space 4501504K, 100% used [0x0000000695580000,0x00000007a8180000,0x00000007a8180000)
  from space 144384K, 52% used [0x00000007b1e80000,0x00000007b68d4c00,0x00000007bab80000)
  to   space 152576K, 99% used [0x00000007a8180000,0x00000007b167cce8,0x00000007b1680000)
 ParOldGen       total 6970368K, used 6970362K [0x0000000440000000, 0x00000005e9700000, 0x0000000695580000)
  object space 6970368K, 99% used [0x0000000440000000,0x00000005e96fe9e8,0x00000005e9700000)
 Metaspace       used 192757K, capacity 223355K, committed 223504K, reserved 1230848K
  class space    used 34192K, capacity 42705K, committed 42820K, reserved 1048576K
GC Heap History (10 events):
Event: 29585.326 GC heap after
Heap after GC invocations=2921 (full 7):
 PSYoungGen      total 4608000K, used 78531K [0x0000000695580000, 0x00000007ba680000, 0x00000007c0000000)
  eden space 4431872K, 0% used [0x0000000695580000,0x0000000695580000,0x00000007a3d80000)
  from space 176128K, 44% used [0x00000007afa80000,0x00000007b4730d80,0x00000007ba680000)
  to   space 184832K, 0% used [0x00000007a3d80000,0x00000007a3d80000,0x00000007af200000)
 ParOldGen       total 6336512K, used 6133274K [0x0000000440000000, 0x00000005c2c00000, 0x0000000695580000)
  object space 6336512K, 96% used [0x0000000440000000,0x00000005b6586848,0x00000005c2c00000)
 Metaspace       used 192755K, capacity 223355K, committed 223504K, reserved 1230848K
  class space    used 34192K, capacity 42705K, committed 42820K, reserved 1048576K
}
Event: 29599.998 GC heap before
{Heap before GC invocations=2922 (full 7):
 PSYoungGen      total 4608000K, used 4510403K [0x0000000695580000, 0x00000007ba680000, 0x00000007c0000000)
  eden space 4431872K, 100% used [0x0000000695580000,0x00000007a3d80000,0x00000007a3d80000)
  from space 176128K, 44% used [0x00000007afa80000,0x00000007b4730d80,0x00000007ba680000)
  to   space 184832K, 0% used [0x00000007a3d80000,0x00000007a3d80000,0x00000007af200000)
 ParOldGen       total 6336512K, used 6133274K [0x0000000440000000, 0x00000005c2c00000, 0x0000000695580000)
  object space 6336512K, 96% used [0x0000000440000000,0x00000005b6586848,0x00000005c2c00000)
 Metaspace       used 192755K, capacity 223355K, committed 223504K, reserved 1230848K
  class space    used 34192K, capacity 42705K, committed 42820K, reserved 1048576K
Event: 29600.017 GC heap after
Heap after GC invocations=2922 (full 7):
 PSYoungGen      total 4616704K, used 75107K [0x0000000695580000, 0x00000007bb800000, 0x00000007c0000000)
  eden space 4431872K, 0% used [0x0000000695580000,0x0000000695580000,0x00000007a3d80000)
  from space 184832K, 40% used [0x00000007a3d80000,0x00000007a86d8d80,0x00000007af200000)
  to   space 175616K, 0% used [0x00000007b0c80000,0x00000007b0c80000,0x00000007bb800000)
 ParOldGen       total 6336512K, used 6133418K [0x0000000440000000, 0x00000005c2c00000, 0x0000000695580000)
  object space 6336512K, 96% used [0x0000000440000000,0x00000005b65aa878,0x00000005c2c00000)
 Metaspace       used 192755K, capacity 223355K, committed 223504K, reserved 1230848K
  class space    used 34192K, capacity 42705K, committed 42820K, reserved 1048576K
}
Event: 29615.782 GC heap before
{Heap before GC invocations=2923 (full 7):
 PSYoungGen      total 4616704K, used 4506979K [0x0000000695580000, 0x00000007bb800000, 0x00000007c0000000)
  eden space 4431872K, 100% used [0x0000000695580000,0x00000007a3d80000,0x00000007a3d80000)
  from space 184832K, 40% used [0x00000007a3d80000,0x00000007a86d8d80,0x00000007af200000)
  to   space 175616K, 0% used [0x00000007b0c80000,0x00000007b0c80000,0x00000007bb800000)
 ParOldGen       total 6336512K, used 6133418K [0x0000000440000000, 0x00000005c2c00000, 0x0000000695580000)
  object space 6336512K, 96% used [0x0000000440000000,0x00000005b65aa878,0x00000005c2c00000)
 Metaspace       used 192755K, capacity 223355K, committed 223504K, reserved 1230848K
  class space    used 34192K, capacity 42705K, committed 42820K, reserved 1048576K
Event: 29615.803 GC heap after
Heap after GC invocations=2923 (full 7):
 PSYoungGen      total 4626432K, used 83875K [0x0000000695580000, 0x00000007ba780000, 0x00000007c0000000)
  eden space 4467712K, 0% used [0x0000000695580000,0x0000000695580000,0x00000007a6080000)
  from space 158720K, 52% used [0x00000007b0c80000,0x00000007b5e68c98,0x00000007ba780000)
  to   space 167424K, 0% used [0x00000007a6080000,0x00000007a6080000,0x00000007b0400000)
 ParOldGen       total 6336512K, used 6133578K [0x0000000440000000, 0x00000005c2c00000, 0x0000000695580000)
  object space 6336512K, 96% used [0x0000000440000000,0x00000005b65d2888,0x00000005c2c00000)
 Metaspace       used 192755K, capacity 223355K, committed 223504K, reserved 1230848K
  class space    used 34192K, capacity 42705K, committed 42820K, reserved 1048576K
}
Event: 29631.675 GC heap before
{Heap before GC invocations=2924 (full 7):
 PSYoungGen      total 4626432K, used 4551587K [0x0000000695580000, 0x00000007ba780000, 0x00000007c0000000)
  eden space 4467712K, 100% used [0x0000000695580000,0x00000007a6080000,0x00000007a6080000)
  from space 158720K, 52% used [0x00000007b0c80000,0x00000007b5e68c98,0x00000007ba780000)
  to   space 167424K, 0% used [0x00000007a6080000,0x00000007a6080000,0x00000007b0400000)
 ParOldGen       total 6336512K, used 6133578K [0x0000000440000000, 0x00000005c2c00000, 0x0000000695580000)
  object space 6336512K, 96% used [0x0000000440000000,0x00000005b65d2888,0x00000005c2c00000)
 Metaspace       used 192755K, capacity 223355K, committed 223504K, reserved 1230848K
  class space    used 34192K, capacity 42705K, committed 42820K, reserved 1048576K
Event: 29631.694 GC heap after
Heap after GC invocations=2924 (full 7):
 PSYoungGen      total 4635136K, used 75476K [0x0000000695580000, 0x00000007bba80000, 0x00000007c0000000)
  eden space 4467712K, 0% used [0x0000000695580000,0x0000000695580000,0x00000007a6080000)
  from space 167424K, 45% used [0x00000007a6080000,0x00000007aaa35058,0x00000007b0400000)
  to   space 159744K, 0% used [0x00000007b1e80000,0x00000007b1e80000,0x00000007bba80000)
 ParOldGen       total 6336512K, used 6133802K [0x0000000440000000, 0x00000005c2c00000, 0x0000000695580000)
  object space 6336512K, 96% used [0x0000000440000000,0x00000005b660a918,0x00000005c2c00000)
 Metaspace       used 192755K, capacity 223355K, committed 223504K, reserved 1230848K
  class space    used 34192K, capacity 42705K, committed 42820K, reserved 1048576K
}
Event: 29647.224 GC heap before
{Heap before GC invocations=2925 (full 7):
 PSYoungGen      total 4635136K, used 4543188K [0x0000000695580000, 0x00000007bba80000, 0x00000007c0000000)
  eden space 4467712K, 100% used [0x0000000695580000,0x00000007a6080000,0x00000007a6080000)
  from space 167424K, 45% used [0x00000007a6080000,0x00000007aaa35058,0x00000007b0400000)
  to   space 159744K, 0% used [0x00000007b1e80000,0x00000007b1e80000,0x00000007bba80000)
 ParOldGen       total 6336512K, used 6133802K [0x0000000440000000, 0x00000005c2c00000, 0x0000000695580000)
  object space 6336512K, 96% used [0x0000000440000000,0x00000005b660a918,0x00000005c2c00000)
 Metaspace       used 192755K, capacity 223355K, committed 223504K, reserved 1230848K
  class space    used 34192K, capacity 42705K, committed 42820K, reserved 1048576K
Event: 29647.243 GC heap after
Heap after GC invocations=2925 (full 7):
 PSYoungGen      total 4645888K, used 76115K [0x0000000695580000, 0x00000007bab80000, 0x00000007c0000000)
  eden space 4501504K, 0% used [0x0000000695580000,0x0000000695580000,0x00000007a8180000)
  from space 144384K, 52% used [0x00000007b1e80000,0x00000007b68d4c00,0x00000007bab80000)
  to   space 152576K, 0% used [0x00000007a8180000,0x00000007a8180000,0x00000007b1680000)
 ParOldGen       total 6336512K, used 6134410K [0x0000000440000000, 0x00000005c2c00000, 0x0000000695580000)
  object space 6336512K, 96% used [0x0000000440000000,0x00000005b66a2950,0x00000005c2c00000)
 Metaspace       used 192755K, capacity 223355K, committed 223504K, reserved 1230848K
  class space    used 34192K, capacity 42705K, committed 42820K, reserved 1048576K
}
Event: 29654.963 GC heap before
{Heap before GC invocations=2926 (full 7):
 PSYoungGen      total 4645888K, used 4577619K [0x0000000695580000, 0x00000007bab80000, 0x00000007c0000000)
  eden space 4501504K, 100% used [0x0000000695580000,0x00000007a8180000,0x00000007a8180000)
  from space 144384K, 52% used [0x00000007b1e80000,0x00000007b68d4c00,0x00000007bab80000)
  to   space 152576K, 0% used [0x00000007a8180000,0x00000007a8180000,0x00000007b1680000)
 ParOldGen       total 6336512K, used 6134410K [0x0000000440000000, 0x00000005c2c00000, 0x0000000695580000)
  object space 6336512K, 96% used [0x0000000440000000,0x00000005b66a2950,0x00000005c2c00000)
 Metaspace       used 192757K, capacity 223355K, committed 223504K, reserved 1230848K
  class space    used 34192K, capacity 42705K, committed 42820K, reserved 1048576K

